<?xml version="1.0" encoding="UTF-8"?>
<!-- Generated by org.testng.reporters.JUnitReportReporter -->
<testsuite hostname="DESKTOP-9CSP8UA" failures="0" tests="1" name="Test_1.FavoriteTest2" time="60.813" errors="0" timestamp="2024-10-09T13:57:47 IST" skipped="0">
  <testcase classname="Test_1.FavoriteTest2" name="play" time="60.813"/>
  <system-out/>
</testsuite> <!-- Test_1.FavoriteTest2 -->
