<?xml version="1.0" encoding="UTF-8"?>
<!-- Generated by org.testng.reporters.JUnitReportReporter -->
<testsuite hostname="DESKTOP-9CSP8UA" failures="0" tests="1" name="Test_1.Test1" time="28.236" errors="0" timestamp="2024-10-09T09:25:30 IST" skipped="0">
  <testcase classname="Test_1.Test1" name="search" time="28.236"/>
  <system-out/>
</testsuite> <!-- Test_1.Test1 -->
